This file contains any messages produced by compilers while
running configure, to aid debugging if configure makes a mistake.

It was created by libspatialite configure 5.0.1, which was
generated by GNU Autoconf 2.69.  Invocation command line was

  $ ./configure 

## --------- ##
## Platform. ##
## --------- ##

hostname = hp-HP-EliteBook-Folio-1040-G3
uname -m = x86_64
uname -r = 5.8.0-48-generic
uname -s = Linux
uname -v = #54~20.04.1-Ubuntu SMP Sat Mar 20 13:40:25 UTC 2021

/usr/bin/uname -p = x86_64
/bin/uname -X     = unknown

/bin/arch              = x86_64
/usr/bin/arch -k       = unknown
/usr/convex/getsysinfo = unknown
/usr/bin/hostinfo      = unknown
/bin/machine           = unknown
/usr/bin/oslevel       = unknown
/bin/universe          = unknown

PATH: /home/hp/Desktop/Project 4/bin
PATH: /usr/local/sbin
PATH: /usr/local/bin
PATH: /usr/sbin
PATH: /usr/bin
PATH: /sbin
PATH: /bin
PATH: /usr/games
PATH: /usr/local/games
PATH: /snap/bin


## ----------- ##
## Core tests. ##
## ----------- ##

configure:2576: checking for a BSD-compatible install
configure:2644: result: /usr/bin/install -c
configure:2655: checking whether build environment is sane
configure:2710: result: yes
configure:2746: WARNING: 'missing' script is too old or missing
configure:2859: checking for a thread-safe mkdir -p
configure:2898: result: /usr/bin/mkdir -p
configure:2905: checking for gawk
configure:2935: result: no
configure:2905: checking for mawk
configure:2921: found /usr/bin/mawk
configure:2932: result: mawk
configure:2943: checking whether make sets $(MAKE)
configure:2969: result: no
configure:2994: checking whether make supports nested variables
configure:3011: result: no
configure:3129: checking whether to enable maintainer-specific portions of Makefiles
configure:3138: result: no
configure:3198: checking whether make supports the include directive
configure:3213: make -f confmf.GNU && cat confinc.out
./configure: line 3214: make: command not found
configure:3216: $? = 127
configure:3213: make -f confmf.BSD && cat confinc.out
./configure: line 3214: make: command not found
configure:3216: $? = 127
configure:3235: result: no
configure:3305: checking for gcc
configure:3321: found /usr/bin/gcc
configure:3332: result: gcc
configure:3561: checking for C compiler version
configure:3570: gcc --version >&5
gcc (Ubuntu 9.3.0-17ubuntu1~20.04) 9.3.0
Copyright (C) 2019 Free Software Foundation, Inc.
This is free software; see the source for copying conditions.  There is NO
warranty; not even for MERCHANTABILITY or FITNESS FOR A PARTICULAR PURPOSE.

configure:3581: $? = 0
configure:3570: gcc -v >&5
Using built-in specs.
COLLECT_GCC=gcc
COLLECT_LTO_WRAPPER=/usr/lib/gcc/x86_64-linux-gnu/9/lto-wrapper
OFFLOAD_TARGET_NAMES=nvptx-none:hsa
OFFLOAD_TARGET_DEFAULT=1
Target: x86_64-linux-gnu
Configured with: ../src/configure -v --with-pkgversion='Ubuntu 9.3.0-17ubuntu1~20.04' --with-bugurl=file:///usr/share/doc/gcc-9/README.Bugs --enable-languages=c,ada,c++,go,brig,d,fortran,objc,obj-c++,gm2 --prefix=/usr --with-gcc-major-version-only --program-suffix=-9 --program-prefix=x86_64-linux-gnu- --enable-shared --enable-linker-build-id --libexecdir=/usr/lib --without-included-gettext --enable-threads=posix --libdir=/usr/lib --enable-nls --enable-clocale=gnu --enable-libstdcxx-debug --enable-libstdcxx-time=yes --with-default-libstdcxx-abi=new --enable-gnu-unique-object --disable-vtable-verify --enable-plugin --enable-default-pie --with-system-zlib --with-target-system-zlib=auto --enable-objc-gc=auto --enable-multiarch --disable-werror --with-arch-32=i686 --with-abi=m64 --with-multilib-list=m32,m64,mx32 --enable-multilib --with-tune=generic --enable-offload-targets=nvptx-none=/build/gcc-9-HskZEa/gcc-9-9.3.0/debian/tmp-nvptx/usr,hsa --without-cuda-driver --enable-checking=release --build=x86_64-linux-gnu --host=x86_64-linux-gnu --target=x86_64-linux-gnu
Thread model: posix
gcc version 9.3.0 (Ubuntu 9.3.0-17ubuntu1~20.04) 
configure:3581: $? = 0
configure:3570: gcc -V >&5
gcc: error: unrecognized command line option '-V'
gcc: fatal error: no input files
compilation terminated.
configure:3581: $? = 1
configure:3570: gcc -qversion >&5
gcc: error: unrecognized command line option '-qversion'; did you mean '--version'?
gcc: fatal error: no input files
compilation terminated.
configure:3581: $? = 1
configure:3601: checking whether the C compiler works
configure:3623: gcc    conftest.c  >&5
configure:3627: $? = 0
configure:3675: result: yes
configure:3678: checking for C compiler default output file name
configure:3680: result: a.out
configure:3686: checking for suffix of executables
configure:3693: gcc -o conftest    conftest.c  >&5
configure:3697: $? = 0
configure:3719: result: 
configure:3741: checking whether we are cross compiling
configure:3749: gcc -o conftest    conftest.c  >&5
configure:3753: $? = 0
configure:3760: ./conftest
configure:3764: $? = 0
configure:3752: result: no
configure:3757: checking for suffix of object files
configure:3779: gcc -c   conftest.c >&5
configure:3783: $? = 0
configure:3804: result: o
configure:3808: checking whether we are using the GNU C compiler
configure:3827: gcc -c   conftest.c >&5
configure:3827: $? = 0
configure:3836: result: yes
configure:3845: checking whether gcc accepts -g
configure:3865: gcc -c -g  conftest.c >&5
configure:3865: $? = 0
configure:3906: result: yes
configure:3923: checking for gcc option to accept ISO C89
configure:3986: gcc  -c -g -O2  conftest.c >&5
configure:3986: $? = 0
configure:3999: result: none needed
configure:4024: checking whether gcc understands -c and -o together
configure:4046: gcc -c conftest.c -o conftest2.o
configure:4049: $? = 0
configure:4046: gcc -c conftest.c -o conftest2.o
configure:4049: $? = 0
configure:4061: result: yes
configure:4080: checking dependency style of gcc
configure:4191: result: none
configure:4212: checking how to run the C preprocessor
configure:4243: gcc -E  conftest.c
configure:4243: $? = 0
configure:4257: gcc -E  conftest.c
conftest.c:13:10: fatal error: ac_nonexistent.h: No such file or directory
   13 | #include <ac_nonexistent.h>
      |          ^~~~~~~~~~~~~~~~~~
compilation terminated.
configure:4257: $? = 1
configure: failed program was:
| /* confdefs.h */
| #define PACKAGE_NAME "libspatialite"
| #define PACKAGE_TARNAME "libspatialite"
| #define PACKAGE_VERSION "5.0.1"
| #define PACKAGE_STRING "libspatialite 5.0.1"
| #define PACKAGE_BUGREPORT "a.furieri@lqt.it"
| #define PACKAGE_URL ""
| #define _LARGE_FILE 1
| #define _FILE_OFFSET_BITS 64
| #define _LARGEFILE_SOURCE 1
| #define NDEBUG 1
| /* end confdefs.h.  */
| #include <ac_nonexistent.h>
configure:4282: result: gcc -E
configure:4302: gcc -E  conftest.c
configure:4302: $? = 0
configure:4316: gcc -E  conftest.c
conftest.c:13:10: fatal error: ac_nonexistent.h: No such file or directory
   13 | #include <ac_nonexistent.h>
      |          ^~~~~~~~~~~~~~~~~~
compilation terminated.
configure:4316: $? = 1
configure: failed program was:
| /* confdefs.h */
| #define PACKAGE_NAME "libspatialite"
| #define PACKAGE_TARNAME "libspatialite"
| #define PACKAGE_VERSION "5.0.1"
| #define PACKAGE_STRING "libspatialite 5.0.1"
| #define PACKAGE_BUGREPORT "a.furieri@lqt.it"
| #define PACKAGE_URL ""
| #define _LARGE_FILE 1
| #define _FILE_OFFSET_BITS 64
| #define _LARGEFILE_SOURCE 1
| #define NDEBUG 1
| /* end confdefs.h.  */
| #include <ac_nonexistent.h>
configure:4345: checking for grep that handles long lines and -e
configure:4403: result: /usr/bin/grep
configure:4408: checking for egrep
configure:4470: result: /usr/bin/grep -E
configure:4475: checking for ANSI C header files
configure:4495: gcc -c -g -O2  conftest.c >&5
configure:4495: $? = 0
configure:4568: gcc -o conftest -g -O2   conftest.c  >&5
configure:4568: $? = 0
configure:4568: ./conftest
configure:4568: $? = 0
configure:4579: result: yes
configure:4592: checking for sys/types.h
configure:4592: gcc -c -g -O2  conftest.c >&5
configure:4592: $? = 0
configure:4592: result: yes
configure:4592: checking for sys/stat.h
configure:4592: gcc -c -g -O2  conftest.c >&5
configure:4592: $? = 0
configure:4592: result: yes
configure:4592: checking for stdlib.h
configure:4592: gcc -c -g -O2  conftest.c >&5
configure:4592: $? = 0
configure:4592: result: yes
configure:4592: checking for string.h
configure:4592: gcc -c -g -O2  conftest.c >&5
configure:4592: $? = 0
configure:4592: result: yes
configure:4592: checking for memory.h
configure:4592: gcc -c -g -O2  conftest.c >&5
configure:4592: $? = 0
configure:4592: result: yes
configure:4592: checking for strings.h
configure:4592: gcc -c -g -O2  conftest.c >&5
configure:4592: $? = 0
configure:4592: result: yes
configure:4592: checking for inttypes.h
configure:4592: gcc -c -g -O2  conftest.c >&5
configure:4592: $? = 0
configure:4592: result: yes
configure:4592: checking for stdint.h
configure:4592: gcc -c -g -O2  conftest.c >&5
configure:4592: $? = 0
configure:4592: result: yes
configure:4592: checking for unistd.h
configure:4592: gcc -c -g -O2  conftest.c >&5
configure:4592: $? = 0
configure:4592: result: yes
configure:4606: checking for stdlib.h
configure:4606: result: yes
configure:4620: checking stdio.h usability
configure:4620: gcc -c -g -O2  conftest.c >&5
configure:4620: $? = 0
configure:4620: result: yes
configure:4620: checking stdio.h presence
configure:4620: gcc -E  conftest.c
configure:4620: $? = 0
configure:4620: result: yes
configure:4620: checking for stdio.h
configure:4620: result: yes
configure:4634: checking for string.h
configure:4634: result: yes
configure:4648: checking for memory.h
configure:4648: result: yes
configure:4662: checking math.h usability
configure:4662: gcc -c -g -O2  conftest.c >&5
configure:4662: $? = 0
configure:4662: result: yes
configure:4662: checking math.h presence
configure:4662: gcc -E  conftest.c
configure:4662: $? = 0
configure:4662: result: yes
configure:4662: checking for math.h
configure:4662: result: yes
configure:4676: checking float.h usability
configure:4676: gcc -c -g -O2  conftest.c >&5
configure:4676: $? = 0
configure:4676: result: yes
configure:4676: checking float.h presence
configure:4676: gcc -E  conftest.c
configure:4676: $? = 0
configure:4676: result: yes
configure:4676: checking for float.h
configure:4676: result: yes
configure:4690: checking fcntl.h usability
configure:4690: gcc -c -g -O2  conftest.c >&5
configure:4690: $? = 0
configure:4690: result: yes
configure:4690: checking fcntl.h presence
configure:4690: gcc -E  conftest.c
configure:4690: $? = 0
configure:4690: result: yes
configure:4690: checking for fcntl.h
configure:4690: result: yes
configure:4704: checking for inttypes.h
configure:4704: result: yes
configure:4718: checking stddef.h usability
configure:4718: gcc -c -g -O2  conftest.c >&5
configure:4718: $? = 0
configure:4718: result: yes
configure:4718: checking stddef.h presence
configure:4718: gcc -E  conftest.c
configure:4718: $? = 0
configure:4718: result: yes
configure:4718: checking for stddef.h
configure:4718: result: yes
configure:4732: checking for stdint.h
configure:4732: result: yes
configure:4746: checking sys/time.h usability
configure:4746: gcc -c -g -O2  conftest.c >&5
configure:4746: $? = 0
configure:4746: result: yes
configure:4746: checking sys/time.h presence
configure:4746: gcc -E  conftest.c
configure:4746: $? = 0
configure:4746: result: yes
configure:4746: checking for sys/time.h
configure:4746: result: yes
configure:4760: checking for unistd.h
configure:4760: result: yes
configure:4774: checking sqlite3.h usability
configure:4774: gcc -c -g -O2  conftest.c >&5
configure:4774: $? = 0
configure:4774: result: yes
configure:4774: checking sqlite3.h presence
configure:4774: gcc -E  conftest.c
configure:4774: $? = 0
configure:4774: result: yes
configure:4774: checking for sqlite3.h
configure:4774: result: yes
configure:4788: checking sqlite3ext.h usability
configure:4788: gcc -c -g -O2  conftest.c >&5
configure:4788: $? = 0
configure:4788: result: yes
configure:4788: checking sqlite3ext.h presence
configure:4788: gcc -E  conftest.c
configure:4788: $? = 0
configure:4788: result: yes
configure:4788: checking for sqlite3ext.h
configure:4788: result: yes
configure:4802: checking zlib.h usability
configure:4802: gcc -c -g -O2  conftest.c >&5
configure:4802: $? = 0
configure:4802: result: yes
configure:4802: checking zlib.h presence
configure:4802: gcc -E  conftest.c
configure:4802: $? = 0
configure:4802: result: yes
configure:4802: checking for zlib.h
configure:4802: result: yes
configure:4875: checking for g++
configure:4905: result: no
configure:4875: checking for c++
configure:4905: result: no
configure:4875: checking for gpp
configure:4905: result: no
configure:4875: checking for aCC
configure:4905: result: no
configure:4875: checking for CC
configure:4905: result: no
configure:4875: checking for cxx
configure:4905: result: no
configure:4875: checking for cc++
configure:4905: result: no
configure:4875: checking for cl.exe
configure:4905: result: no
configure:4875: checking for FCC
configure:4905: result: no
configure:4875: checking for KCC
configure:4905: result: no
configure:4875: checking for RCC
configure:4905: result: no
configure:4875: checking for xlC_r
configure:4905: result: no
configure:4875: checking for xlC
configure:4905: result: no
configure:4929: checking for C++ compiler version
configure:4938: g++ --version >&5
./configure: line 4940: g++: command not found
configure:4949: $? = 127
configure:4938: g++ -v >&5
./configure: line 4940: g++: command not found
configure:4949: $? = 127
configure:4938: g++ -V >&5
./configure: line 4940: g++: command not found
configure:4949: $? = 127
configure:4938: g++ -qversion >&5
./configure: line 4940: g++: command not found
configure:4949: $? = 127
configure:4953: checking whether we are using the GNU C++ compiler
configure:4972: g++ -c   conftest.cpp >&5
./configure: line 1852: g++: command not found
configure:4972: $? = 127
configure: failed program was:
| /* confdefs.h */
| #define PACKAGE_NAME "libspatialite"
| #define PACKAGE_TARNAME "libspatialite"
| #define PACKAGE_VERSION "5.0.1"
| #define PACKAGE_STRING "libspatialite 5.0.1"
| #define PACKAGE_BUGREPORT "a.furieri@lqt.it"
| #define PACKAGE_URL ""
| #define _LARGE_FILE 1
| #define _FILE_OFFSET_BITS 64
| #define _LARGEFILE_SOURCE 1
| #define NDEBUG 1
| #define STDC_HEADERS 1
| #define HAVE_SYS_TYPES_H 1
| #define HAVE_SYS_STAT_H 1
| #define HAVE_STDLIB_H 1
| #define HAVE_STRING_H 1
| #define HAVE_MEMORY_H 1
| #define HAVE_STRINGS_H 1
| #define HAVE_INTTYPES_H 1
| #define HAVE_STDINT_H 1
| #define HAVE_UNISTD_H 1
| #define HAVE_STDLIB_H 1
| #define HAVE_STDIO_H 1
| #define HAVE_STRING_H 1
| #define HAVE_MEMORY_H 1
| #define HAVE_MATH_H 1
| #define HAVE_FLOAT_H 1
| #define HAVE_FCNTL_H 1
| #define HAVE_INTTYPES_H 1
| #define HAVE_STDDEF_H 1
| #define HAVE_STDINT_H 1
| #define HAVE_SYS_TIME_H 1
| #define HAVE_UNISTD_H 1
| #define HAVE_SQLITE3_H 1
| #define HAVE_SQLITE3EXT_H 1
| #define HAVE_ZLIB_H 1
| /* end confdefs.h.  */
| 
| int
| main ()
| {
| #ifndef __GNUC__
|        choke me
| #endif
| 
|   ;
|   return 0;
| }
configure:4981: result: no
configure:4990: checking whether g++ accepts -g
configure:5010: g++ -c -g  conftest.cpp >&5
./configure: line 1852: g++: command not found
configure:5010: $? = 127
configure: failed program was:
| /* confdefs.h */
| #define PACKAGE_NAME "libspatialite"
| #define PACKAGE_TARNAME "libspatialite"
| #define PACKAGE_VERSION "5.0.1"
| #define PACKAGE_STRING "libspatialite 5.0.1"
| #define PACKAGE_BUGREPORT "a.furieri@lqt.it"
| #define PACKAGE_URL ""
| #define _LARGE_FILE 1
| #define _FILE_OFFSET_BITS 64
| #define _LARGEFILE_SOURCE 1
| #define NDEBUG 1
| #define STDC_HEADERS 1
| #define HAVE_SYS_TYPES_H 1
| #define HAVE_SYS_STAT_H 1
| #define HAVE_STDLIB_H 1
| #define HAVE_STRING_H 1
| #define HAVE_MEMORY_H 1
| #define HAVE_STRINGS_H 1
| #define HAVE_INTTYPES_H 1
| #define HAVE_STDINT_H 1
| #define HAVE_UNISTD_H 1
| #define HAVE_STDLIB_H 1
| #define HAVE_STDIO_H 1
| #define HAVE_STRING_H 1
| #define HAVE_MEMORY_H 1
| #define HAVE_MATH_H 1
| #define HAVE_FLOAT_H 1
| #define HAVE_FCNTL_H 1
| #define HAVE_INTTYPES_H 1
| #define HAVE_STDDEF_H 1
| #define HAVE_STDINT_H 1
| #define HAVE_SYS_TIME_H 1
| #define HAVE_UNISTD_H 1
| #define HAVE_SQLITE3_H 1
| #define HAVE_SQLITE3EXT_H 1
| #define HAVE_ZLIB_H 1
| /* end confdefs.h.  */
| 
| int
| main ()
| {
| 
|   ;
|   return 0;
| }
configure:5025: g++ -c   conftest.cpp >&5
./configure: line 1852: g++: command not found
configure:5025: $? = 127
configure: failed program was:
| /* confdefs.h */
| #define PACKAGE_NAME "libspatialite"
| #define PACKAGE_TARNAME "libspatialite"
| #define PACKAGE_VERSION "5.0.1"
| #define PACKAGE_STRING "libspatialite 5.0.1"
| #define PACKAGE_BUGREPORT "a.furieri@lqt.it"
| #define PACKAGE_URL ""
| #define _LARGE_FILE 1
| #define _FILE_OFFSET_BITS 64
| #define _LARGEFILE_SOURCE 1
| #define NDEBUG 1
| #define STDC_HEADERS 1
| #define HAVE_SYS_TYPES_H 1
| #define HAVE_SYS_STAT_H 1
| #define HAVE_STDLIB_H 1
| #define HAVE_STRING_H 1
| #define HAVE_MEMORY_H 1
| #define HAVE_STRINGS_H 1
| #define HAVE_INTTYPES_H 1
| #define HAVE_STDINT_H 1
| #define HAVE_UNISTD_H 1
| #define HAVE_STDLIB_H 1
| #define HAVE_STDIO_H 1
| #define HAVE_STRING_H 1
| #define HAVE_MEMORY_H 1
| #define HAVE_MATH_H 1
| #define HAVE_FLOAT_H 1
| #define HAVE_FCNTL_H 1
| #define HAVE_INTTYPES_H 1
| #define HAVE_STDDEF_H 1
| #define HAVE_STDINT_H 1
| #define HAVE_SYS_TIME_H 1
| #define HAVE_UNISTD_H 1
| #define HAVE_SQLITE3_H 1
| #define HAVE_SQLITE3EXT_H 1
| #define HAVE_ZLIB_H 1
| /* end confdefs.h.  */
| 
| int
| main ()
| {
| 
|   ;
|   return 0;
| }
configure:5041: g++ -c -g  conftest.cpp >&5
./configure: line 1852: g++: command not found
configure:5041: $? = 127
configure: failed program was:
| /* confdefs.h */
| #define PACKAGE_NAME "libspatialite"
| #define PACKAGE_TARNAME "libspatialite"
| #define PACKAGE_VERSION "5.0.1"
| #define PACKAGE_STRING "libspatialite 5.0.1"
| #define PACKAGE_BUGREPORT "a.furieri@lqt.it"
| #define PACKAGE_URL ""
| #define _LARGE_FILE 1
| #define _FILE_OFFSET_BITS 64
| #define _LARGEFILE_SOURCE 1
| #define NDEBUG 1
| #define STDC_HEADERS 1
| #define HAVE_SYS_TYPES_H 1
| #define HAVE_SYS_STAT_H 1
| #define HAVE_STDLIB_H 1
| #define HAVE_STRING_H 1
| #define HAVE_MEMORY_H 1
| #define HAVE_STRINGS_H 1
| #define HAVE_INTTYPES_H 1
| #define HAVE_STDINT_H 1
| #define HAVE_UNISTD_H 1
| #define HAVE_STDLIB_H 1
| #define HAVE_STDIO_H 1
| #define HAVE_STRING_H 1
| #define HAVE_MEMORY_H 1
| #define HAVE_MATH_H 1
| #define HAVE_FLOAT_H 1
| #define HAVE_FCNTL_H 1
| #define HAVE_INTTYPES_H 1
| #define HAVE_STDDEF_H 1
| #define HAVE_STDINT_H 1
| #define HAVE_SYS_TIME_H 1
| #define HAVE_UNISTD_H 1
| #define HAVE_SQLITE3_H 1
| #define HAVE_SQLITE3EXT_H 1
| #define HAVE_ZLIB_H 1
| /* end confdefs.h.  */
| 
| int
| main ()
| {
| 
|   ;
|   return 0;
| }
configure:5051: result: no
configure:5076: checking dependency style of g++
configure:5187: result: none
configure:5250: checking for gcc
configure:5277: result: gcc
configure:5506: checking for C compiler version
configure:5515: gcc --version >&5
gcc (Ubuntu 9.3.0-17ubuntu1~20.04) 9.3.0
Copyright (C) 2019 Free Software Foundation, Inc.
This is free software; see the source for copying conditions.  There is NO
warranty; not even for MERCHANTABILITY or FITNESS FOR A PARTICULAR PURPOSE.

configure:5526: $? = 0
configure:5515: gcc -v >&5
Using built-in specs.
COLLECT_GCC=gcc
COLLECT_LTO_WRAPPER=/usr/lib/gcc/x86_64-linux-gnu/9/lto-wrapper
OFFLOAD_TARGET_NAMES=nvptx-none:hsa
OFFLOAD_TARGET_DEFAULT=1
Target: x86_64-linux-gnu
Configured with: ../src/configure -v --with-pkgversion='Ubuntu 9.3.0-17ubuntu1~20.04' --with-bugurl=file:///usr/share/doc/gcc-9/README.Bugs --enable-languages=c,ada,c++,go,brig,d,fortran,objc,obj-c++,gm2 --prefix=/usr --with-gcc-major-version-only --program-suffix=-9 --program-prefix=x86_64-linux-gnu- --enable-shared --enable-linker-build-id --libexecdir=/usr/lib --without-included-gettext --enable-threads=posix --libdir=/usr/lib --enable-nls --enable-clocale=gnu --enable-libstdcxx-debug --enable-libstdcxx-time=yes --with-default-libstdcxx-abi=new --enable-gnu-unique-object --disable-vtable-verify --enable-plugin --enable-default-pie --with-system-zlib --with-target-system-zlib=auto --enable-objc-gc=auto --enable-multiarch --disable-werror --with-arch-32=i686 --with-abi=m64 --with-multilib-list=m32,m64,mx32 --enable-multilib --with-tune=generic --enable-offload-targets=nvptx-none=/build/gcc-9-HskZEa/gcc-9-9.3.0/debian/tmp-nvptx/usr,hsa --without-cuda-driver --enable-checking=release --build=x86_64-linux-gnu --host=x86_64-linux-gnu --target=x86_64-linux-gnu
Thread model: posix
gcc version 9.3.0 (Ubuntu 9.3.0-17ubuntu1~20.04) 
configure:5526: $? = 0
configure:5515: gcc -V >&5
gcc: error: unrecognized command line option '-V'
gcc: fatal error: no input files
compilation terminated.
configure:5526: $? = 1
configure:5515: gcc -qversion >&5
gcc: error: unrecognized command line option '-qversion'; did you mean '--version'?
gcc: fatal error: no input files
compilation terminated.
configure:5526: $? = 1
configure:5530: checking whether we are using the GNU C compiler
configure:5558: result: yes
configure:5567: checking whether gcc accepts -g
configure:5628: result: yes
configure:5645: checking for gcc option to accept ISO C89
configure:5721: result: none needed
configure:5746: checking whether gcc understands -c and -o together
configure:5783: result: yes
configure:5802: checking dependency style of gcc
configure:5913: result: none
configure:5933: checking how to run the C preprocessor
configure:6003: result: gcc -E
configure:6023: gcc -E  conftest.c
configure:6023: $? = 0
configure:6037: gcc -E  conftest.c
conftest.c:38:10: fatal error: ac_nonexistent.h: No such file or directory
   38 | #include <ac_nonexistent.h>
      |          ^~~~~~~~~~~~~~~~~~
compilation terminated.
configure:6037: $? = 1
configure: failed program was:
| /* confdefs.h */
| #define PACKAGE_NAME "libspatialite"
| #define PACKAGE_TARNAME "libspatialite"
| #define PACKAGE_VERSION "5.0.1"
| #define PACKAGE_STRING "libspatialite 5.0.1"
| #define PACKAGE_BUGREPORT "a.furieri@lqt.it"
| #define PACKAGE_URL ""
| #define _LARGE_FILE 1
| #define _FILE_OFFSET_BITS 64
| #define _LARGEFILE_SOURCE 1
| #define NDEBUG 1
| #define STDC_HEADERS 1
| #define HAVE_SYS_TYPES_H 1
| #define HAVE_SYS_STAT_H 1
| #define HAVE_STDLIB_H 1
| #define HAVE_STRING_H 1
| #define HAVE_MEMORY_H 1
| #define HAVE_STRINGS_H 1
| #define HAVE_INTTYPES_H 1
| #define HAVE_STDINT_H 1
| #define HAVE_UNISTD_H 1
| #define HAVE_STDLIB_H 1
| #define HAVE_STDIO_H 1
| #define HAVE_STRING_H 1
| #define HAVE_MEMORY_H 1
| #define HAVE_MATH_H 1
| #define HAVE_FLOAT_H 1
| #define HAVE_FCNTL_H 1
| #define HAVE_INTTYPES_H 1
| #define HAVE_STDDEF_H 1
| #define HAVE_STDINT_H 1
| #define HAVE_SYS_TIME_H 1
| #define HAVE_UNISTD_H 1
| #define HAVE_SQLITE3_H 1
| #define HAVE_SQLITE3EXT_H 1
| #define HAVE_ZLIB_H 1
| /* end confdefs.h.  */
| #include <ac_nonexistent.h>
configure:6066: checking whether ln -s works
configure:6070: result: yes
configure:6077: checking whether make sets $(MAKE)
configure:6103: result: no
configure:6112: checking build system type
configure:6126: result: x86_64-unknown-linux-gnu
configure:6146: checking host system type
configure:6159: result: x86_64-unknown-linux-gnu
configure:6484: WARNING: Libtool does not cope well with whitespace in `pwd`
configure:6528: checking how to print strings
configure:6555: result: printf
configure:6576: checking for a sed that does not truncate output
configure:6640: result: /usr/bin/sed
configure:6658: checking for fgrep
configure:6720: result: /usr/bin/grep -F
configure:6755: checking for ld used by gcc
configure:6822: result: /usr/bin/ld
configure:6829: checking if the linker (/usr/bin/ld) is GNU ld
configure:6844: result: yes
configure:6856: checking for BSD- or MS-compatible name lister (nm)
configure:6905: result: /usr/bin/nm -B
configure:7035: checking the name lister (/usr/bin/nm -B) interface
configure:7042: gcc -c -g -O2  conftest.c >&5
configure:7045: /usr/bin/nm -B "conftest.o"
configure:7048: output
0000000000000000 B some_variable
configure:7049: result: BSD nm
configure:7053: checking the maximum length of command line arguments
configure:7178: result: 1572864
configure:7195: checking whether the shell understands some XSI constructs
configure:7204: result: yes
configure:7208: checking whether the shell understands "+="
configure:7212: result: yes
configure:7247: checking how to convert x86_64-unknown-linux-gnu file names to x86_64-unknown-linux-gnu format
configure:7287: result: func_convert_file_noop
configure:7294: checking how to convert x86_64-unknown-linux-gnu file names to toolchain format
configure:7314: result: func_convert_file_noop
configure:7321: checking for /usr/bin/ld option to reload object files
configure:7328: result: -r
configure:7402: checking for objdump
configure:7429: result: objdump
configure:7458: checking how to recognize dependent libraries
configure:7660: result: pass_all
configure:7745: checking for dlltool
configure:7772: result: dlltool
configure:7802: checking how to associate runtime and link libraries
configure:7829: result: printf %s\n
configure:7889: checking for ar
configure:7905: found /usr/bin/ar
configure:7916: result: ar
configure:7953: checking for archiver @FILE support
configure:7970: gcc -c -g -O2  conftest.c >&5
configure:7970: $? = 0
configure:7973: ar cru libconftest.a @conftest.lst >&5
ar: `u' modifier ignored since `D' is the default (see `U')
configure:7976: $? = 0
configure:7981: ar cru libconftest.a @conftest.lst >&5
ar: `u' modifier ignored since `D' is the default (see `U')
ar: conftest.o: No such file or directory
configure:7984: $? = 1
configure:7983: result: @
configure:8041: checking for strip
configure:8057: found /usr/bin/strip
configure:8068: result: strip
configure:8140: checking for ranlib
configure:8156: found /usr/bin/ranlib
configure:8167: result: ranlib
configure:8269: checking command to parse /usr/bin/nm -B output from gcc object
configure:8388: gcc -c -g -O2  conftest.c >&5
configure:8391: $? = 0
configure:8395: /usr/bin/nm -B conftest.o \| sed -n -e 's/^.*[ ]\([ABCDGIRSTW][ABCDGIRSTW]*\)[ ][ ]*\([_A-Za-z][_A-Za-z0-9]*\)$/\1 \2 \2/p' | sed '/ __gnu_lto/d' \> conftest.nm
configure:8398: $? = 0
configure:8464: gcc -o conftest -g -O2   conftest.c conftstm.o >&5
configure:8467: $? = 0
configure:8505: result: ok
configure:8542: checking for sysroot
configure:8572: result: no
configure:8649: gcc -c -g -O2  conftest.c >&5
configure:8652: $? = 0
configure:8815: checking for mt
configure:8831: found /usr/bin/mt
configure:8842: result: mt
configure:8865: checking if mt is a manifest tool
configure:8871: mt '-?'
configure:8879: result: no
configure:9508: checking for dlfcn.h
configure:9508: gcc -c -g -O2  conftest.c >&5
configure:9508: $? = 0
configure:9508: result: yes
configure:9704: checking for objdir
configure:9719: result: .libs
configure:9990: checking if gcc supports -fno-rtti -fno-exceptions
configure:10008: gcc -c -g -O2  -fno-rtti -fno-exceptions conftest.c >&5
cc1: warning: command line option '-fno-rtti' is valid for C++/D/ObjC++ but not for C
configure:10012: $? = 0
configure:10025: result: no
configure:10335: checking for gcc option to produce PIC
configure:10342: result: -fPIC -DPIC
configure:10350: checking if gcc PIC flag -fPIC -DPIC works
configure:10368: gcc -c -g -O2  -fPIC -DPIC -DPIC conftest.c >&5
configure:10372: $? = 0
configure:10385: result: yes
configure:10414: checking if gcc static flag -static works
configure:10442: result: yes
configure:10457: checking if gcc supports -c -o file.o
configure:10478: gcc -c -g -O2  -o out/conftest2.o conftest.c >&5
configure:10482: $? = 0
configure:10504: result: yes
configure:10512: checking if gcc supports -c -o file.o
configure:10559: result: yes
configure:10592: checking whether the gcc linker (/usr/bin/ld -m elf_x86_64) supports shared libraries
configure:11750: result: yes
configure:11787: checking whether -lc should be explicitly linked in
configure:11795: gcc -c -g -O2  conftest.c >&5
configure:11798: $? = 0
configure:11813: gcc -shared  -fPIC -DPIC conftest.o  -v -Wl,-soname -Wl,conftest -o conftest 2\>\&1 \| /usr/bin/grep  -lc  \>/dev/null 2\>\&1
configure:11816: $? = 0
configure:11830: result: no
configure:11995: checking dynamic linker characteristics
configure:12509: gcc -o conftest -g -O2   -Wl,-rpath -Wl,/foo conftest.c  >&5
configure:12509: $? = 0
configure:12735: result: GNU/Linux ld.so
configure:12842: checking how to hardcode library paths into programs
configure:12867: result: immediate
configure:13407: checking whether stripping libraries is possible
configure:13412: result: yes
configure:13447: checking if libtool supports shared libraries
configure:13449: result: yes
configure:13452: checking whether to build shared libraries
configure:13473: result: yes
configure:13476: checking whether to build static libraries
configure:13480: result: yes
configure:13704: checking for an ANSI C-conforming const
configure:13770: gcc -c -g -O2  conftest.c >&5
configure:13770: $? = 0
configure:13777: result: yes
configure:13785: checking for off_t
configure:13785: gcc -c -g -O2  conftest.c >&5
configure:13785: $? = 0
configure:13785: gcc -c -g -O2  conftest.c >&5
conftest.c: In function 'main':
conftest.c:76:20: error: expected expression before ')' token
   76 | if (sizeof ((off_t)))
      |                    ^
configure:13785: $? = 1
configure: failed program was:
| /* confdefs.h */
| #define PACKAGE_NAME "libspatialite"
| #define PACKAGE_TARNAME "libspatialite"
| #define PACKAGE_VERSION "5.0.1"
| #define PACKAGE_STRING "libspatialite 5.0.1"
| #define PACKAGE_BUGREPORT "a.furieri@lqt.it"
| #define PACKAGE_URL ""
| #define _LARGE_FILE 1
| #define _FILE_OFFSET_BITS 64
| #define _LARGEFILE_SOURCE 1
| #define NDEBUG 1
| #define STDC_HEADERS 1
| #define HAVE_SYS_TYPES_H 1
| #define HAVE_SYS_STAT_H 1
| #define HAVE_STDLIB_H 1
| #define HAVE_STRING_H 1
| #define HAVE_MEMORY_H 1
| #define HAVE_STRINGS_H 1
| #define HAVE_INTTYPES_H 1
| #define HAVE_STDINT_H 1
| #define HAVE_UNISTD_H 1
| #define HAVE_STDLIB_H 1
| #define HAVE_STDIO_H 1
| #define HAVE_STRING_H 1
| #define HAVE_MEMORY_H 1
| #define HAVE_MATH_H 1
| #define HAVE_FLOAT_H 1
| #define HAVE_FCNTL_H 1
| #define HAVE_INTTYPES_H 1
| #define HAVE_STDDEF_H 1
| #define HAVE_STDINT_H 1
| #define HAVE_SYS_TIME_H 1
| #define HAVE_UNISTD_H 1
| #define HAVE_SQLITE3_H 1
| #define HAVE_SQLITE3EXT_H 1
| #define HAVE_ZLIB_H 1
| #define HAVE_DLFCN_H 1
| #define LT_OBJDIR ".libs/"
| /* end confdefs.h.  */
| #include <stdio.h>
| #ifdef HAVE_SYS_TYPES_H
| # include <sys/types.h>
| #endif
| #ifdef HAVE_SYS_STAT_H
| # include <sys/stat.h>
| #endif
| #ifdef STDC_HEADERS
| # include <stdlib.h>
| # include <stddef.h>
| #else
| # ifdef HAVE_STDLIB_H
| #  include <stdlib.h>
| # endif
| #endif
| #ifdef HAVE_STRING_H
| # if !defined STDC_HEADERS && defined HAVE_MEMORY_H
| #  include <memory.h>
| # endif
| # include <string.h>
| #endif
| #ifdef HAVE_STRINGS_H
| # include <strings.h>
| #endif
| #ifdef HAVE_INTTYPES_H
| # include <inttypes.h>
| #endif
| #ifdef HAVE_STDINT_H
| # include <stdint.h>
| #endif
| #ifdef HAVE_UNISTD_H
| # include <unistd.h>
| #endif
| int
| main ()
| {
| if (sizeof ((off_t)))
| 	    return 0;
|   ;
|   return 0;
| }
configure:13785: result: yes
configure:13796: checking for size_t
configure:13796: gcc -c -g -O2  conftest.c >&5
configure:13796: $? = 0
configure:13796: gcc -c -g -O2  conftest.c >&5
conftest.c: In function 'main':
conftest.c:76:21: error: expected expression before ')' token
   76 | if (sizeof ((size_t)))
      |                     ^
configure:13796: $? = 1
configure: failed program was:
| /* confdefs.h */
| #define PACKAGE_NAME "libspatialite"
| #define PACKAGE_TARNAME "libspatialite"
| #define PACKAGE_VERSION "5.0.1"
| #define PACKAGE_STRING "libspatialite 5.0.1"
| #define PACKAGE_BUGREPORT "a.furieri@lqt.it"
| #define PACKAGE_URL ""
| #define _LARGE_FILE 1
| #define _FILE_OFFSET_BITS 64
| #define _LARGEFILE_SOURCE 1
| #define NDEBUG 1
| #define STDC_HEADERS 1
| #define HAVE_SYS_TYPES_H 1
| #define HAVE_SYS_STAT_H 1
| #define HAVE_STDLIB_H 1
| #define HAVE_STRING_H 1
| #define HAVE_MEMORY_H 1
| #define HAVE_STRINGS_H 1
| #define HAVE_INTTYPES_H 1
| #define HAVE_STDINT_H 1
| #define HAVE_UNISTD_H 1
| #define HAVE_STDLIB_H 1
| #define HAVE_STDIO_H 1
| #define HAVE_STRING_H 1
| #define HAVE_MEMORY_H 1
| #define HAVE_MATH_H 1
| #define HAVE_FLOAT_H 1
| #define HAVE_FCNTL_H 1
| #define HAVE_INTTYPES_H 1
| #define HAVE_STDDEF_H 1
| #define HAVE_STDINT_H 1
| #define HAVE_SYS_TIME_H 1
| #define HAVE_UNISTD_H 1
| #define HAVE_SQLITE3_H 1
| #define HAVE_SQLITE3EXT_H 1
| #define HAVE_ZLIB_H 1
| #define HAVE_DLFCN_H 1
| #define LT_OBJDIR ".libs/"
| /* end confdefs.h.  */
| #include <stdio.h>
| #ifdef HAVE_SYS_TYPES_H
| # include <sys/types.h>
| #endif
| #ifdef HAVE_SYS_STAT_H
| # include <sys/stat.h>
| #endif
| #ifdef STDC_HEADERS
| # include <stdlib.h>
| # include <stddef.h>
| #else
| # ifdef HAVE_STDLIB_H
| #  include <stdlib.h>
| # endif
| #endif
| #ifdef HAVE_STRING_H
| # if !defined STDC_HEADERS && defined HAVE_MEMORY_H
| #  include <memory.h>
| # endif
| # include <string.h>
| #endif
| #ifdef HAVE_STRINGS_H
| # include <strings.h>
| #endif
| #ifdef HAVE_INTTYPES_H
| # include <inttypes.h>
| #endif
| #ifdef HAVE_STDINT_H
| # include <stdint.h>
| #endif
| #ifdef HAVE_UNISTD_H
| # include <unistd.h>
| #endif
| int
| main ()
| {
| if (sizeof ((size_t)))
| 	    return 0;
|   ;
|   return 0;
| }
configure:13796: result: yes
configure:13807: checking whether time.h and sys/time.h may both be included
configure:13827: gcc -c -g -O2  conftest.c >&5
configure:13827: $? = 0
configure:13834: result: yes
configure:13842: checking whether struct tm is in sys/time.h or time.h
configure:13862: gcc -c -g -O2  conftest.c >&5
configure:13862: $? = 0
configure:13869: result: time.h
configure:13877: checking for working volatile
configure:13896: gcc -c -g -O2  conftest.c >&5
configure:13896: $? = 0
configure:13903: result: yes
configure:13913: checking whether lstat correctly handles trailing slash
configure:13939: gcc -o conftest -g -O2   conftest.c  >&5
configure:13939: $? = 0
configure:13939: ./conftest
configure:13939: $? = 0
configure:13956: result: yes
configure:13975: checking whether lstat accepts an empty string
configure:13995: gcc -o conftest -g -O2   conftest.c  >&5
configure:13995: $? = 0
configure:13995: ./conftest
configure:13995: $? = 0
configure:14005: result: no
configure:14021: checking whether lstat correctly handles trailing slash
configure:14064: result: yes
configure:14083: checking for working memcmp
configure:14126: gcc -o conftest -g -O2   conftest.c  >&5
configure:14126: $? = 0
configure:14126: ./conftest
configure:14126: $? = 0
configure:14136: result: yes
configure:14145: checking whether stat accepts an empty string
configure:14165: gcc -o conftest -g -O2   conftest.c  >&5
configure:14165: $? = 0
configure:14165: ./conftest
configure:14165: $? = 0
configure:14175: result: no
configure:14193: checking for strftime
configure:14193: gcc -o conftest -g -O2   conftest.c  >&5
conftest.c:66:6: warning: conflicting types for built-in function 'strftime'; expected 'long unsigned int(char *, long unsigned int,  const char *, const void *)' [-Wbuiltin-declaration-mismatch]
   66 | char strftime ();
      |      ^~~~~~~~
conftest.c:54:1: note: 'strftime' is declared in header '<time.h>'
   53 | # include <limits.h>
   54 | #else
configure:14193: $? = 0
configure:14193: result: yes
configure:14249: checking for memset
configure:14249: gcc -o conftest -g -O2   conftest.c  >&5
conftest.c:67:6: warning: conflicting types for built-in function 'memset'; expected 'void *(void *, int,  long unsigned int)' [-Wbuiltin-declaration-mismatch]
   67 | char memset ();
      |      ^~~~~~
conftest.c:55:1: note: 'memset' is declared in header '<string.h>'
   54 | # include <limits.h>
   55 | #else
configure:14249: $? = 0
configure:14249: result: yes
configure:14249: checking for sqrt
configure:14249: gcc -o conftest -g -O2   conftest.c  >&5
conftest.c:68:6: warning: conflicting types for built-in function 'sqrt'; expected 'double(double)' [-Wbuiltin-declaration-mismatch]
   68 | char sqrt ();
      |      ^~~~
conftest.c:56:1: note: 'sqrt' is declared in header '<math.h>'
   55 | # include <limits.h>
   56 | #else
/usr/bin/ld: /tmp/cc0BFUak.o: in function `main':
/home/hp/Desktop/Test Press/Project 4/placeproject/libspatialite-5.0.1/conftest.c:79: undefined reference to `sqrt'
collect2: error: ld returned 1 exit status
configure:14249: $? = 1
configure: failed program was:
| /* confdefs.h */
| #define PACKAGE_NAME "libspatialite"
| #define PACKAGE_TARNAME "libspatialite"
| #define PACKAGE_VERSION "5.0.1"
| #define PACKAGE_STRING "libspatialite 5.0.1"
| #define PACKAGE_BUGREPORT "a.furieri@lqt.it"
| #define PACKAGE_URL ""
| #define _LARGE_FILE 1
| #define _FILE_OFFSET_BITS 64
| #define _LARGEFILE_SOURCE 1
| #define NDEBUG 1
| #define STDC_HEADERS 1
| #define HAVE_SYS_TYPES_H 1
| #define HAVE_SYS_STAT_H 1
| #define HAVE_STDLIB_H 1
| #define HAVE_STRING_H 1
| #define HAVE_MEMORY_H 1
| #define HAVE_STRINGS_H 1
| #define HAVE_INTTYPES_H 1
| #define HAVE_STDINT_H 1
| #define HAVE_UNISTD_H 1
| #define HAVE_STDLIB_H 1
| #define HAVE_STDIO_H 1
| #define HAVE_STRING_H 1
| #define HAVE_MEMORY_H 1
| #define HAVE_MATH_H 1
| #define HAVE_FLOAT_H 1
| #define HAVE_FCNTL_H 1
| #define HAVE_INTTYPES_H 1
| #define HAVE_STDDEF_H 1
| #define HAVE_STDINT_H 1
| #define HAVE_SYS_TIME_H 1
| #define HAVE_UNISTD_H 1
| #define HAVE_SQLITE3_H 1
| #define HAVE_SQLITE3EXT_H 1
| #define HAVE_ZLIB_H 1
| #define HAVE_DLFCN_H 1
| #define LT_OBJDIR ".libs/"
| #define TIME_WITH_SYS_TIME 1
| #define LSTAT_FOLLOWS_SLASHED_SYMLINK 1
| #define LSTAT_FOLLOWS_SLASHED_SYMLINK 1
| #define HAVE_STRFTIME 1
| #define HAVE_MEMSET 1
| /* end confdefs.h.  */
| /* Define sqrt to an innocuous variant, in case <limits.h> declares sqrt.
|    For example, HP-UX 11i <limits.h> declares gettimeofday.  */
| #define sqrt innocuous_sqrt
| 
| /* System header to define __stub macros and hopefully few prototypes,
|     which can conflict with char sqrt (); below.
|     Prefer <limits.h> to <assert.h> if __STDC__ is defined, since
|     <limits.h> exists even on freestanding compilers.  */
| 
| #ifdef __STDC__
| # include <limits.h>
| #else
| # include <assert.h>
| #endif
| 
| #undef sqrt
| 
| /* Override any GCC internal prototype to avoid an error.
|    Use char because int might match the return type of a GCC
|    builtin and then its argument prototype would still apply.  */
| #ifdef __cplusplus
| extern "C"
| #endif
| char sqrt ();
| /* The GNU C library defines this for functions which it implements
|     to always fail with ENOSYS.  Some functions are actually named
|     something starting with __ and the normal name is an alias.  */
| #if defined __stub_sqrt || defined __stub___sqrt
| choke me
| #endif
| 
| int
| main ()
| {
| return sqrt ();
|   ;
|   return 0;
| }
configure:14249: result: no
configure:14249: checking for strcasecmp
configure:14249: gcc -o conftest -g -O2   conftest.c  >&5
conftest.c:68:6: warning: conflicting types for built-in function 'strcasecmp'; expected 'int(const char *, const char *)' [-Wbuiltin-declaration-mismatch]
   68 | char strcasecmp ();
      |      ^~~~~~~~~~
configure:14249: $? = 0
configure:14249: result: yes
configure:14249: checking for strerror
configure:14249: gcc -o conftest -g -O2   conftest.c  >&5
configure:14249: $? = 0
configure:14249: result: yes
configure:14249: checking for strncasecmp
configure:14249: gcc -o conftest -g -O2   conftest.c  >&5
conftest.c:70:6: warning: conflicting types for built-in function 'strncasecmp'; expected 'int(const char *, const char *, long unsigned int)' [-Wbuiltin-declaration-mismatch]
   70 | char strncasecmp ();
      |      ^~~~~~~~~~~
configure:14249: $? = 0
configure:14249: result: yes
configure:14249: checking for strstr
configure:14249: gcc -o conftest -g -O2   conftest.c  >&5
conftest.c:71:6: warning: conflicting types for built-in function 'strstr'; expected 'char *(const char *, const char *)' [-Wbuiltin-declaration-mismatch]
   71 | char strstr ();
      |      ^~~~~~
conftest.c:59:1: note: 'strstr' is declared in header '<string.h>'
   58 | # include <limits.h>
   59 | #else
configure:14249: $? = 0
configure:14249: result: yes
configure:14249: checking for fdatasync
configure:14249: gcc -o conftest -g -O2   conftest.c  >&5
configure:14249: $? = 0
configure:14249: result: yes
configure:14249: checking for ftruncate
configure:14249: gcc -o conftest -g -O2   conftest.c  >&5
configure:14249: $? = 0
configure:14249: result: yes
configure:14249: checking for getcwd
configure:14249: gcc -o conftest -g -O2   conftest.c  >&5
configure:14249: $? = 0
configure:14249: result: yes
configure:14249: checking for gettimeofday
configure:14249: gcc -o conftest -g -O2   conftest.c  >&5
configure:14249: $? = 0
configure:14249: result: yes
configure:14249: checking for localtime_r
configure:14249: gcc -o conftest -g -O2   conftest.c  >&5
configure:14249: $? = 0
configure:14249: result: yes
configure:14249: checking for memmove
configure:14249: gcc -o conftest -g -O2   conftest.c  >&5
conftest.c:77:6: warning: conflicting types for built-in function 'memmove'; expected 'void *(void *, const void *, long unsigned int)' [-Wbuiltin-declaration-mismatch]
   77 | char memmove ();
      |      ^~~~~~~
conftest.c:65:1: note: 'memmove' is declared in header '<string.h>'
   64 | # include <limits.h>
   65 | #else
configure:14249: $? = 0
configure:14249: result: yes
configure:14249: checking for strerror
configure:14249: result: yes
configure:14260: checking for sqlite3_prepare_v2 in -lsqlite3
configure:14285: gcc -o conftest -g -O2   conftest.c -lsqlite3 -lm  >&5
configure:14285: $? = 0
configure:14294: result: yes
configure:14307: checking for inflateInit_ in -lz
configure:14332: gcc -o conftest -g -O2   conftest.c -lz -lm -lsqlite3  >&5
configure:14332: $? = 0
configure:14341: result: yes
configure:14462: checking for sqlite3_rtree_query_callback in -lsqlite3
configure:14487: gcc -o conftest -g -O2   conftest.c -lsqlite3 -lm -lz -lsqlite3  >&5
configure:14487: $? = 0
configure:14496: result: yes
configure:14528: checking proj.h usability
configure:14528: gcc -c -g -O2  conftest.c >&5
configure:14528: $? = 0
configure:14528: result: yes
configure:14528: checking proj.h presence
configure:14528: gcc -E  conftest.c
configure:14528: $? = 0
configure:14528: result: yes
configure:14528: checking for proj.h
configure:14528: result: yes
configure:14553: checking for library containing proj_normalize_for_visualization
configure:14584: gcc -o conftest -g -O2   conftest.c -lsqlite3 -lz -lsqlite3  >&5
/usr/bin/ld: /tmp/cc6GjL42.o: in function `main':
/home/hp/Desktop/Test Press/Project 4/placeproject/libspatialite-5.0.1/conftest.c:74: undefined reference to `proj_normalize_for_visualization'
collect2: error: ld returned 1 exit status
configure:14584: $? = 1
configure: failed program was:
| /* confdefs.h */
| #define PACKAGE_NAME "libspatialite"
| #define PACKAGE_TARNAME "libspatialite"
| #define PACKAGE_VERSION "5.0.1"
| #define PACKAGE_STRING "libspatialite 5.0.1"
| #define PACKAGE_BUGREPORT "a.furieri@lqt.it"
| #define PACKAGE_URL ""
| #define _LARGE_FILE 1
| #define _FILE_OFFSET_BITS 64
| #define _LARGEFILE_SOURCE 1
| #define NDEBUG 1
| #define STDC_HEADERS 1
| #define HAVE_SYS_TYPES_H 1
| #define HAVE_SYS_STAT_H 1
| #define HAVE_STDLIB_H 1
| #define HAVE_STRING_H 1
| #define HAVE_MEMORY_H 1
| #define HAVE_STRINGS_H 1
| #define HAVE_INTTYPES_H 1
| #define HAVE_STDINT_H 1
| #define HAVE_UNISTD_H 1
| #define HAVE_STDLIB_H 1
| #define HAVE_STDIO_H 1
| #define HAVE_STRING_H 1
| #define HAVE_MEMORY_H 1
| #define HAVE_MATH_H 1
| #define HAVE_FLOAT_H 1
| #define HAVE_FCNTL_H 1
| #define HAVE_INTTYPES_H 1
| #define HAVE_STDDEF_H 1
| #define HAVE_STDINT_H 1
| #define HAVE_SYS_TIME_H 1
| #define HAVE_UNISTD_H 1
| #define HAVE_SQLITE3_H 1
| #define HAVE_SQLITE3EXT_H 1
| #define HAVE_ZLIB_H 1
| #define HAVE_DLFCN_H 1
| #define LT_OBJDIR ".libs/"
| #define TIME_WITH_SYS_TIME 1
| #define LSTAT_FOLLOWS_SLASHED_SYMLINK 1
| #define LSTAT_FOLLOWS_SLASHED_SYMLINK 1
| #define HAVE_STRFTIME 1
| #define HAVE_MEMSET 1
| #define HAVE_STRCASECMP 1
| #define HAVE_STRERROR 1
| #define HAVE_STRNCASECMP 1
| #define HAVE_STRSTR 1
| #define HAVE_FDATASYNC 1
| #define HAVE_FTRUNCATE 1
| #define HAVE_GETCWD 1
| #define HAVE_GETTIMEOFDAY 1
| #define HAVE_LOCALTIME_R 1
| #define HAVE_MEMMOVE 1
| #define HAVE_STRERROR 1
| #define HAVE_LIBSQLITE3 1
| #define HAVE_LIBZ 1
| #define SPATIALITE_TARGET_CPU "x86_64-linux-gnu"
| #define SPATIALITE_VERSION "5.0.1"
| #define OMIT_GEOCALLBACKS 1
| #define HAVE_LIBSQLITE3 1
| #define HAVE_PROJ_H 1
| /* end confdefs.h.  */
| 
| /* Override any GCC internal prototype to avoid an error.
|    Use char because int might match the return type of a GCC
|    builtin and then its argument prototype would still apply.  */
| #ifdef __cplusplus
| extern "C"
| #endif
| char proj_normalize_for_visualization ();
| int
| main ()
| {
| return proj_normalize_for_visualization ();
|   ;
|   return 0;
| }
configure:14584: gcc -o conftest -g -O2   conftest.c -lproj  -lsqlite3 -lz -lsqlite3  >&5
configure:14584: $? = 0
configure:14601: result: -lproj
configure:14691: checking iconv.h usability
configure:14691: gcc -c -g -O2  conftest.c >&5
configure:14691: $? = 0
configure:14691: result: yes
configure:14691: checking iconv.h presence
configure:14691: gcc -E  conftest.c
configure:14691: $? = 0
configure:14691: result: yes
configure:14691: checking for iconv.h
configure:14691: result: yes
configure:14705: checking for library containing iconv
configure:14736: gcc -o conftest -g -O2   conftest.c -lproj -lsqlite3 -lz -lsqlite3  >&5
configure:14736: $? = 0
configure:14753: result: none required
configure:14820: checking for library containing locale_charset
configure:14851: gcc -o conftest -g -O2   conftest.c -lproj -lsqlite3 -lz -lsqlite3  >&5
/usr/bin/ld: /tmp/ccUBJoaG.o: in function `main':
/home/hp/Desktop/Test Press/Project 4/placeproject/libspatialite-5.0.1/conftest.c:76: undefined reference to `locale_charset'
collect2: error: ld returned 1 exit status
configure:14851: $? = 1
configure: failed program was:
| /* confdefs.h */
| #define PACKAGE_NAME "libspatialite"
| #define PACKAGE_TARNAME "libspatialite"
| #define PACKAGE_VERSION "5.0.1"
| #define PACKAGE_STRING "libspatialite 5.0.1"
| #define PACKAGE_BUGREPORT "a.furieri@lqt.it"
| #define PACKAGE_URL ""
| #define _LARGE_FILE 1
| #define _FILE_OFFSET_BITS 64
| #define _LARGEFILE_SOURCE 1
| #define NDEBUG 1
| #define STDC_HEADERS 1
| #define HAVE_SYS_TYPES_H 1
| #define HAVE_SYS_STAT_H 1
| #define HAVE_STDLIB_H 1
| #define HAVE_STRING_H 1
| #define HAVE_MEMORY_H 1
| #define HAVE_STRINGS_H 1
| #define HAVE_INTTYPES_H 1
| #define HAVE_STDINT_H 1
| #define HAVE_UNISTD_H 1
| #define HAVE_STDLIB_H 1
| #define HAVE_STDIO_H 1
| #define HAVE_STRING_H 1
| #define HAVE_MEMORY_H 1
| #define HAVE_MATH_H 1
| #define HAVE_FLOAT_H 1
| #define HAVE_FCNTL_H 1
| #define HAVE_INTTYPES_H 1
| #define HAVE_STDDEF_H 1
| #define HAVE_STDINT_H 1
| #define HAVE_SYS_TIME_H 1
| #define HAVE_UNISTD_H 1
| #define HAVE_SQLITE3_H 1
| #define HAVE_SQLITE3EXT_H 1
| #define HAVE_ZLIB_H 1
| #define HAVE_DLFCN_H 1
| #define LT_OBJDIR ".libs/"
| #define TIME_WITH_SYS_TIME 1
| #define LSTAT_FOLLOWS_SLASHED_SYMLINK 1
| #define LSTAT_FOLLOWS_SLASHED_SYMLINK 1
| #define HAVE_STRFTIME 1
| #define HAVE_MEMSET 1
| #define HAVE_STRCASECMP 1
| #define HAVE_STRERROR 1
| #define HAVE_STRNCASECMP 1
| #define HAVE_STRSTR 1
| #define HAVE_FDATASYNC 1
| #define HAVE_FTRUNCATE 1
| #define HAVE_GETCWD 1
| #define HAVE_GETTIMEOFDAY 1
| #define HAVE_LOCALTIME_R 1
| #define HAVE_MEMMOVE 1
| #define HAVE_STRERROR 1
| #define HAVE_LIBSQLITE3 1
| #define HAVE_LIBZ 1
| #define SPATIALITE_TARGET_CPU "x86_64-linux-gnu"
| #define SPATIALITE_VERSION "5.0.1"
| #define OMIT_GEOCALLBACKS 1
| #define HAVE_LIBSQLITE3 1
| #define HAVE_PROJ_H 1
| #define PROJ_NEW 1
| #define HAVE_ICONV_H 1
| /* end confdefs.h.  */
| 
| /* Override any GCC internal prototype to avoid an error.
|    Use char because int might match the return type of a GCC
|    builtin and then its argument prototype would still apply.  */
| #ifdef __cplusplus
| extern "C"
| #endif
| char locale_charset ();
| int
| main ()
| {
| return locale_charset ();
|   ;
|   return 0;
| }
configure:14851: gcc -o conftest -g -O2   conftest.c -lcharset  -lproj -lsqlite3 -lz -lsqlite3  >&5
/usr/bin/ld: cannot find -lcharset
collect2: error: ld returned 1 exit status
configure:14851: $? = 1
configure: failed program was:
| /* confdefs.h */
| #define PACKAGE_NAME "libspatialite"
| #define PACKAGE_TARNAME "libspatialite"
| #define PACKAGE_VERSION "5.0.1"
| #define PACKAGE_STRING "libspatialite 5.0.1"
| #define PACKAGE_BUGREPORT "a.furieri@lqt.it"
| #define PACKAGE_URL ""
| #define _LARGE_FILE 1
| #define _FILE_OFFSET_BITS 64
| #define _LARGEFILE_SOURCE 1
| #define NDEBUG 1
| #define STDC_HEADERS 1
| #define HAVE_SYS_TYPES_H 1
| #define HAVE_SYS_STAT_H 1
| #define HAVE_STDLIB_H 1
| #define HAVE_STRING_H 1
| #define HAVE_MEMORY_H 1
| #define HAVE_STRINGS_H 1
| #define HAVE_INTTYPES_H 1
| #define HAVE_STDINT_H 1
| #define HAVE_UNISTD_H 1
| #define HAVE_STDLIB_H 1
| #define HAVE_STDIO_H 1
| #define HAVE_STRING_H 1
| #define HAVE_MEMORY_H 1
| #define HAVE_MATH_H 1
| #define HAVE_FLOAT_H 1
| #define HAVE_FCNTL_H 1
| #define HAVE_INTTYPES_H 1
| #define HAVE_STDDEF_H 1
| #define HAVE_STDINT_H 1
| #define HAVE_SYS_TIME_H 1
| #define HAVE_UNISTD_H 1
| #define HAVE_SQLITE3_H 1
| #define HAVE_SQLITE3EXT_H 1
| #define HAVE_ZLIB_H 1
| #define HAVE_DLFCN_H 1
| #define LT_OBJDIR ".libs/"
| #define TIME_WITH_SYS_TIME 1
| #define LSTAT_FOLLOWS_SLASHED_SYMLINK 1
| #define LSTAT_FOLLOWS_SLASHED_SYMLINK 1
| #define HAVE_STRFTIME 1
| #define HAVE_MEMSET 1
| #define HAVE_STRCASECMP 1
| #define HAVE_STRERROR 1
| #define HAVE_STRNCASECMP 1
| #define HAVE_STRSTR 1
| #define HAVE_FDATASYNC 1
| #define HAVE_FTRUNCATE 1
| #define HAVE_GETCWD 1
| #define HAVE_GETTIMEOFDAY 1
| #define HAVE_LOCALTIME_R 1
| #define HAVE_MEMMOVE 1
| #define HAVE_STRERROR 1
| #define HAVE_LIBSQLITE3 1
| #define HAVE_LIBZ 1
| #define SPATIALITE_TARGET_CPU "x86_64-linux-gnu"
| #define SPATIALITE_VERSION "5.0.1"
| #define OMIT_GEOCALLBACKS 1
| #define HAVE_LIBSQLITE3 1
| #define HAVE_PROJ_H 1
| #define PROJ_NEW 1
| #define HAVE_ICONV_H 1
| /* end confdefs.h.  */
| 
| /* Override any GCC internal prototype to avoid an error.
|    Use char because int might match the return type of a GCC
|    builtin and then its argument prototype would still apply.  */
| #ifdef __cplusplus
| extern "C"
| #endif
| char locale_charset ();
| int
| main ()
| {
| return locale_charset ();
|   ;
|   return 0;
| }
configure:14868: result: no
configure:14875: checking for library containing nl_langinfo
configure:14906: gcc -o conftest -g -O2   conftest.c -lproj -lsqlite3 -lz -lsqlite3  >&5
configure:14906: $? = 0
configure:14923: result: none required
configure:14953: checking freexl.h usability
configure:14953: gcc -c -g -O2  conftest.c >&5
conftest.c:98:10: fatal error: freexl.h: No such file or directory
   98 | #include <freexl.h>
      |          ^~~~~~~~~~
compilation terminated.
configure:14953: $? = 1
configure: failed program was:
| /* confdefs.h */
| #define PACKAGE_NAME "libspatialite"
| #define PACKAGE_TARNAME "libspatialite"
| #define PACKAGE_VERSION "5.0.1"
| #define PACKAGE_STRING "libspatialite 5.0.1"
| #define PACKAGE_BUGREPORT "a.furieri@lqt.it"
| #define PACKAGE_URL ""
| #define _LARGE_FILE 1
| #define _FILE_OFFSET_BITS 64
| #define _LARGEFILE_SOURCE 1
| #define NDEBUG 1
| #define STDC_HEADERS 1
| #define HAVE_SYS_TYPES_H 1
| #define HAVE_SYS_STAT_H 1
| #define HAVE_STDLIB_H 1
| #define HAVE_STRING_H 1
| #define HAVE_MEMORY_H 1
| #define HAVE_STRINGS_H 1
| #define HAVE_INTTYPES_H 1
| #define HAVE_STDINT_H 1
| #define HAVE_UNISTD_H 1
| #define HAVE_STDLIB_H 1
| #define HAVE_STDIO_H 1
| #define HAVE_STRING_H 1
| #define HAVE_MEMORY_H 1
| #define HAVE_MATH_H 1
| #define HAVE_FLOAT_H 1
| #define HAVE_FCNTL_H 1
| #define HAVE_INTTYPES_H 1
| #define HAVE_STDDEF_H 1
| #define HAVE_STDINT_H 1
| #define HAVE_SYS_TIME_H 1
| #define HAVE_UNISTD_H 1
| #define HAVE_SQLITE3_H 1
| #define HAVE_SQLITE3EXT_H 1
| #define HAVE_ZLIB_H 1
| #define HAVE_DLFCN_H 1
| #define LT_OBJDIR ".libs/"
| #define TIME_WITH_SYS_TIME 1
| #define LSTAT_FOLLOWS_SLASHED_SYMLINK 1
| #define LSTAT_FOLLOWS_SLASHED_SYMLINK 1
| #define HAVE_STRFTIME 1
| #define HAVE_MEMSET 1
| #define HAVE_STRCASECMP 1
| #define HAVE_STRERROR 1
| #define HAVE_STRNCASECMP 1
| #define HAVE_STRSTR 1
| #define HAVE_FDATASYNC 1
| #define HAVE_FTRUNCATE 1
| #define HAVE_GETCWD 1
| #define HAVE_GETTIMEOFDAY 1
| #define HAVE_LOCALTIME_R 1
| #define HAVE_MEMMOVE 1
| #define HAVE_STRERROR 1
| #define HAVE_LIBSQLITE3 1
| #define HAVE_LIBZ 1
| #define SPATIALITE_TARGET_CPU "x86_64-linux-gnu"
| #define SPATIALITE_VERSION "5.0.1"
| #define OMIT_GEOCALLBACKS 1
| #define HAVE_LIBSQLITE3 1
| #define HAVE_PROJ_H 1
| #define PROJ_NEW 1
| #define HAVE_ICONV_H 1
| /* end confdefs.h.  */
| #include <stdio.h>
| #ifdef HAVE_SYS_TYPES_H
| # include <sys/types.h>
| #endif
| #ifdef HAVE_SYS_STAT_H
| # include <sys/stat.h>
| #endif
| #ifdef STDC_HEADERS
| # include <stdlib.h>
| # include <stddef.h>
| #else
| # ifdef HAVE_STDLIB_H
| #  include <stdlib.h>
| # endif
| #endif
| #ifdef HAVE_STRING_H
| # if !defined STDC_HEADERS && defined HAVE_MEMORY_H
| #  include <memory.h>
| # endif
| # include <string.h>
| #endif
| #ifdef HAVE_STRINGS_H
| # include <strings.h>
| #endif
| #ifdef HAVE_INTTYPES_H
| # include <inttypes.h>
| #endif
| #ifdef HAVE_STDINT_H
| # include <stdint.h>
| #endif
| #ifdef HAVE_UNISTD_H
| # include <unistd.h>
| #endif
| #include <freexl.h>
configure:14953: result: no
configure:14953: checking freexl.h presence
configure:14953: gcc -E  conftest.c
conftest.c:65:10: fatal error: freexl.h: No such file or directory
   65 | #include <freexl.h>
      |          ^~~~~~~~~~
compilation terminated.
configure:14953: $? = 1
configure: failed program was:
| /* confdefs.h */
| #define PACKAGE_NAME "libspatialite"
| #define PACKAGE_TARNAME "libspatialite"
| #define PACKAGE_VERSION "5.0.1"
| #define PACKAGE_STRING "libspatialite 5.0.1"
| #define PACKAGE_BUGREPORT "a.furieri@lqt.it"
| #define PACKAGE_URL ""
| #define _LARGE_FILE 1
| #define _FILE_OFFSET_BITS 64
| #define _LARGEFILE_SOURCE 1
| #define NDEBUG 1
| #define STDC_HEADERS 1
| #define HAVE_SYS_TYPES_H 1
| #define HAVE_SYS_STAT_H 1
| #define HAVE_STDLIB_H 1
| #define HAVE_STRING_H 1
| #define HAVE_MEMORY_H 1
| #define HAVE_STRINGS_H 1
| #define HAVE_INTTYPES_H 1
| #define HAVE_STDINT_H 1
| #define HAVE_UNISTD_H 1
| #define HAVE_STDLIB_H 1
| #define HAVE_STDIO_H 1
| #define HAVE_STRING_H 1
| #define HAVE_MEMORY_H 1
| #define HAVE_MATH_H 1
| #define HAVE_FLOAT_H 1
| #define HAVE_FCNTL_H 1
| #define HAVE_INTTYPES_H 1
| #define HAVE_STDDEF_H 1
| #define HAVE_STDINT_H 1
| #define HAVE_SYS_TIME_H 1
| #define HAVE_UNISTD_H 1
| #define HAVE_SQLITE3_H 1
| #define HAVE_SQLITE3EXT_H 1
| #define HAVE_ZLIB_H 1
| #define HAVE_DLFCN_H 1
| #define LT_OBJDIR ".libs/"
| #define TIME_WITH_SYS_TIME 1
| #define LSTAT_FOLLOWS_SLASHED_SYMLINK 1
| #define LSTAT_FOLLOWS_SLASHED_SYMLINK 1
| #define HAVE_STRFTIME 1
| #define HAVE_MEMSET 1
| #define HAVE_STRCASECMP 1
| #define HAVE_STRERROR 1
| #define HAVE_STRNCASECMP 1
| #define HAVE_STRSTR 1
| #define HAVE_FDATASYNC 1
| #define HAVE_FTRUNCATE 1
| #define HAVE_GETCWD 1
| #define HAVE_GETTIMEOFDAY 1
| #define HAVE_LOCALTIME_R 1
| #define HAVE_MEMMOVE 1
| #define HAVE_STRERROR 1
| #define HAVE_LIBSQLITE3 1
| #define HAVE_LIBZ 1
| #define SPATIALITE_TARGET_CPU "x86_64-linux-gnu"
| #define SPATIALITE_VERSION "5.0.1"
| #define OMIT_GEOCALLBACKS 1
| #define HAVE_LIBSQLITE3 1
| #define HAVE_PROJ_H 1
| #define PROJ_NEW 1
| #define HAVE_ICONV_H 1
| /* end confdefs.h.  */
| #include <freexl.h>
configure:14953: result: no
configure:14953: checking for freexl.h
configure:14953: result: no
configure:14960: error: cannot find freexl.h, bailing out

## ---------------- ##
## Cache variables. ##
## ---------------- ##

ac_cv_build=x86_64-unknown-linux-gnu
ac_cv_c_compiler_gnu=yes
ac_cv_c_const=yes
ac_cv_c_volatile=yes
ac_cv_cxx_compiler_gnu=no
ac_cv_env_CCC_set=
ac_cv_env_CCC_value=
ac_cv_env_CC_set=
ac_cv_env_CC_value=
ac_cv_env_CFLAGS_set=
ac_cv_env_CFLAGS_value=
ac_cv_env_CPPFLAGS_set=
ac_cv_env_CPPFLAGS_value=
ac_cv_env_CPP_set=
ac_cv_env_CPP_value=
ac_cv_env_CXXCPP_set=
ac_cv_env_CXXCPP_value=
ac_cv_env_CXXFLAGS_set=
ac_cv_env_CXXFLAGS_value=
ac_cv_env_CXX_set=
ac_cv_env_CXX_value=
ac_cv_env_LDFLAGS_set=
ac_cv_env_LDFLAGS_value=
ac_cv_env_LIBS_set=
ac_cv_env_LIBS_value=
ac_cv_env_LIBXML2_CFLAGS_set=
ac_cv_env_LIBXML2_CFLAGS_value=
ac_cv_env_LIBXML2_LIBS_set=
ac_cv_env_LIBXML2_LIBS_value=
ac_cv_env_PKG_CONFIG_LIBDIR_set=
ac_cv_env_PKG_CONFIG_LIBDIR_value=
ac_cv_env_PKG_CONFIG_PATH_set=
ac_cv_env_PKG_CONFIG_PATH_value=
ac_cv_env_PKG_CONFIG_set=
ac_cv_env_PKG_CONFIG_value=
ac_cv_env_build_alias_set=
ac_cv_env_build_alias_value=
ac_cv_env_host_alias_set=
ac_cv_env_host_alias_value=
ac_cv_env_target_alias_set=
ac_cv_env_target_alias_value=
ac_cv_func_fdatasync=yes
ac_cv_func_ftruncate=yes
ac_cv_func_getcwd=yes
ac_cv_func_gettimeofday=yes
ac_cv_func_localtime_r=yes
ac_cv_func_lstat_dereferences_slashed_symlink=yes
ac_cv_func_lstat_empty_string_bug=no
ac_cv_func_memcmp_working=yes
ac_cv_func_memmove=yes
ac_cv_func_memset=yes
ac_cv_func_sqrt=no
ac_cv_func_stat_empty_string_bug=no
ac_cv_func_strcasecmp=yes
ac_cv_func_strerror=yes
ac_cv_func_strftime=yes
ac_cv_func_strncasecmp=yes
ac_cv_func_strstr=yes
ac_cv_header_dlfcn_h=yes
ac_cv_header_fcntl_h=yes
ac_cv_header_float_h=yes
ac_cv_header_freexl_h=no
ac_cv_header_iconv_h=yes
ac_cv_header_inttypes_h=yes
ac_cv_header_math_h=yes
ac_cv_header_memory_h=yes
ac_cv_header_proj_h=yes
ac_cv_header_sqlite3_h=yes
ac_cv_header_sqlite3ext_h=yes
ac_cv_header_stdc=yes
ac_cv_header_stddef_h=yes
ac_cv_header_stdint_h=yes
ac_cv_header_stdio_h=yes
ac_cv_header_stdlib_h=yes
ac_cv_header_string_h=yes
ac_cv_header_strings_h=yes
ac_cv_header_sys_stat_h=yes
ac_cv_header_sys_time_h=yes
ac_cv_header_sys_types_h=yes
ac_cv_header_time=yes
ac_cv_header_unistd_h=yes
ac_cv_header_zlib_h=yes
ac_cv_host=x86_64-unknown-linux-gnu
ac_cv_lib_sqlite3_sqlite3_prepare_v2=yes
ac_cv_lib_sqlite3_sqlite3_rtree_query_callback=yes
ac_cv_lib_z_inflateInit_=yes
ac_cv_objext=o
ac_cv_path_EGREP='/usr/bin/grep -E'
ac_cv_path_FGREP='/usr/bin/grep -F'
ac_cv_path_GREP=/usr/bin/grep
ac_cv_path_SED=/usr/bin/sed
ac_cv_path_install='/usr/bin/install -c'
ac_cv_path_mkdir=/usr/bin/mkdir
ac_cv_prog_AWK=mawk
ac_cv_prog_CPP='gcc -E'
ac_cv_prog_ac_ct_AR=ar
ac_cv_prog_ac_ct_CC=gcc
ac_cv_prog_ac_ct_DLLTOOL=dlltool
ac_cv_prog_ac_ct_MANIFEST_TOOL=mt
ac_cv_prog_ac_ct_OBJDUMP=objdump
ac_cv_prog_ac_ct_RANLIB=ranlib
ac_cv_prog_ac_ct_STRIP=strip
ac_cv_prog_cc_c89=
ac_cv_prog_cc_g=yes
ac_cv_prog_cxx_g=no
ac_cv_prog_make_make_set=no
ac_cv_search_iconv='none required'
ac_cv_search_locale_charset=no
ac_cv_search_nl_langinfo='none required'
ac_cv_search_proj_normalize_for_visualization=-lproj
ac_cv_struct_tm=time.h
ac_cv_type_off_t=yes
ac_cv_type_size_t=yes
am_cv_CC_dependencies_compiler_type=none
am_cv_CXX_dependencies_compiler_type=none
am_cv_make_support_nested_variables=no
am_cv_prog_cc_c_o=yes
lt_cv_ar_at_file=@
lt_cv_archive_cmds_need_lc=no
lt_cv_deplibs_check_method=pass_all
lt_cv_file_magic_cmd='$MAGIC_CMD'
lt_cv_file_magic_test_file=
lt_cv_ld_reload_flag=-r
lt_cv_nm_interface='BSD nm'
lt_cv_objdir=.libs
lt_cv_path_LD=/usr/bin/ld
lt_cv_path_NM='/usr/bin/nm -B'
lt_cv_path_mainfest_tool=no
lt_cv_prog_compiler_c_o=yes
lt_cv_prog_compiler_pic='-fPIC -DPIC'
lt_cv_prog_compiler_pic_works=yes
lt_cv_prog_compiler_rtti_exceptions=no
lt_cv_prog_compiler_static_works=yes
lt_cv_prog_gnu_ld=yes
lt_cv_sharedlib_from_linklib_cmd='printf %s\n'
lt_cv_shlibpath_overrides_runpath=yes
lt_cv_sys_global_symbol_pipe='sed -n -e '\''s/^.*[	 ]\([ABCDGIRSTW][ABCDGIRSTW]*\)[	 ][	 ]*\([_A-Za-z][_A-Za-z0-9]*\)$/\1 \2 \2/p'\'' | sed '\''/ __gnu_lto/d'\'''
lt_cv_sys_global_symbol_to_c_name_address='sed -n -e '\''s/^: \([^ ]*\)[ ]*$/  {\"\1\", (void *) 0},/p'\'' -e '\''s/^[ABCDGIRSTW]* \([^ ]*\) \([^ ]*\)$/  {"\2", (void *) \&\2},/p'\'''
lt_cv_sys_global_symbol_to_c_name_address_lib_prefix='sed -n -e '\''s/^: \([^ ]*\)[ ]*$/  {\"\1\", (void *) 0},/p'\'' -e '\''s/^[ABCDGIRSTW]* \([^ ]*\) \(lib[^ ]*\)$/  {"\2", (void *) \&\2},/p'\'' -e '\''s/^[ABCDGIRSTW]* \([^ ]*\) \([^ ]*\)$/  {"lib\2", (void *) \&\2},/p'\'''
lt_cv_sys_global_symbol_to_cdecl='sed -n -e '\''s/^T .* \(.*\)$/extern int \1();/p'\'' -e '\''s/^[ABCDGIRSTW]* .* \(.*\)$/extern char \1;/p'\'''
lt_cv_sys_max_cmd_len=1572864
lt_cv_to_host_file_cmd=func_convert_file_noop
lt_cv_to_tool_file_cmd=func_convert_file_noop

## ----------------- ##
## Output variables. ##
## ----------------- ##

ACLOCAL='aclocal-1.16'
AMDEPBACKSLASH='\'
AMDEP_FALSE='#'
AMDEP_TRUE=''
AMTAR='$${TAR-tar}'
AM_BACKSLASH='\'
AM_DEFAULT_V='1'
AM_DEFAULT_VERBOSITY='1'
AM_V='1'
ANDROID_FALSE=''
ANDROID_TRUE=''
AR='ar'
AS='as'
AUTOCONF='autoconf'
AUTOHEADER='autoheader'
AUTOMAKE='automake-1.16'
AWK='mawk'
CC='gcc'
CCDEPMODE='depmode=none'
CFLAGS='-g -O2'
CPP='gcc -E'
CPPFLAGS=''
CXX='g++'
CXXCPP=''
CXXDEPMODE='depmode=none'
CXXFLAGS=''
CYGPATH_W='echo'
DEFS=''
DEPDIR='.deps'
DLLTOOL='dlltool'
DSYMUTIL=''
DUMPBIN=''
ECHO_C=''
ECHO_N='-n'
ECHO_T=''
EGREP='/usr/bin/grep -E'
ENABLE_EXAMPLES_FALSE=''
ENABLE_EXAMPLES_TRUE=''
ENABLE_GEOPACKAGE_FALSE=''
ENABLE_GEOPACKAGE_TRUE=''
EXEEXT=''
FGREP='/usr/bin/grep -F'
GEOSCONFIG=''
GEOS_CFLAGS=''
GEOS_LDFLAGS=''
GREP='/usr/bin/grep'
INSTALL_DATA='${INSTALL} -m 644'
INSTALL_PROGRAM='${INSTALL}'
INSTALL_SCRIPT='${INSTALL}'
INSTALL_STRIP_PROGRAM='$(install_sh) -c -s'
LD='/usr/bin/ld -m elf_x86_64'
LDFLAGS=''
LIBOBJS=''
LIBS='-lproj -lsqlite3 -lz -lsqlite3 '
LIBTOOL='$(SHELL) $(top_builddir)/libtool'
LIBXML2_CFLAGS=''
LIBXML2_LIBS=''
LIPO=''
LN_S='ln -s'
LTLIBOBJS=''
MACOSX_FALSE=''
MACOSX_TRUE=''
MAINT='#'
MAINTAINER_MODE_FALSE=''
MAINTAINER_MODE_TRUE='#'
MAKEINFO='makeinfo'
MANIFEST_TOOL=':'
MINGW_FALSE=''
MINGW_TRUE=''
MKDIR_P='/usr/bin/mkdir -p'
MODULE_ONLY_FALSE=''
MODULE_ONLY_TRUE=''
NM='/usr/bin/nm -B'
NMEDIT=''
OBJDUMP='objdump'
OBJEXT='o'
OTOOL64=''
OTOOL=''
PACKAGE='libspatialite'
PACKAGE_BUGREPORT='a.furieri@lqt.it'
PACKAGE_NAME='libspatialite'
PACKAGE_STRING='libspatialite 5.0.1'
PACKAGE_TARNAME='libspatialite'
PACKAGE_URL=''
PACKAGE_VERSION='5.0.1'
PATH_SEPARATOR=':'
PKG_CONFIG=''
PKG_CONFIG_LIBDIR=''
PKG_CONFIG_PATH=''
RANLIB='ranlib'
SED='/usr/bin/sed'
SET_MAKE='MAKE=make'
SHELL='/bin/bash'
STRIP='strip'
VERSION='5.0.1'
ac_ct_AR='ar'
ac_ct_CC='gcc'
ac_ct_CXX=''
ac_ct_DUMPBIN=''
am__EXEEXT_FALSE=''
am__EXEEXT_TRUE=''
am__fastdepCC_FALSE=''
am__fastdepCC_TRUE='#'
am__fastdepCXX_FALSE=''
am__fastdepCXX_TRUE='#'
am__include='#'
am__isrc=''
am__leading_dot='.'
am__nodep='_no'
am__quote=''
am__tar='$${TAR-tar} chof - "$$tardir"'
am__untar='$${TAR-tar} xf -'
bindir='${exec_prefix}/bin'
build='x86_64-unknown-linux-gnu'
build_alias=''
build_cpu='x86_64'
build_os='linux-gnu'
build_vendor='unknown'
datadir='${datarootdir}'
datarootdir='${prefix}/share'
docdir='${datarootdir}/doc/${PACKAGE_TARNAME}'
dvidir='${docdir}'
exec_prefix='NONE'
host='x86_64-unknown-linux-gnu'
host_alias=''
host_cpu='x86_64'
host_os='linux-gnu'
host_vendor='unknown'
htmldir='${docdir}'
includedir='${prefix}/include'
infodir='${datarootdir}/info'
install_sh='${SHELL} '\''/home/hp/Desktop/Test Press/Project 4/placeproject/libspatialite-5.0.1/install-sh'\'''
libdir='${exec_prefix}/lib'
libexecdir='${exec_prefix}/libexec'
localedir='${datarootdir}/locale'
localstatedir='${prefix}/var'
mandir='${datarootdir}/man'
mkdir_p='$(MKDIR_P)'
oldincludedir='/usr/include'
pdfdir='${docdir}'
prefix='NONE'
program_transform_name='s,x,x,'
psdir='${docdir}'
sbindir='${exec_prefix}/sbin'
sharedstatedir='${prefix}/com'
sysconfdir='${prefix}/etc'
target_alias=''

## ----------- ##
## confdefs.h. ##
## ----------- ##

/* confdefs.h */
#define PACKAGE_NAME "libspatialite"
#define PACKAGE_TARNAME "libspatialite"
#define PACKAGE_VERSION "5.0.1"
#define PACKAGE_STRING "libspatialite 5.0.1"
#define PACKAGE_BUGREPORT "a.furieri@lqt.it"
#define PACKAGE_URL ""
#define _LARGE_FILE 1
#define _FILE_OFFSET_BITS 64
#define _LARGEFILE_SOURCE 1
#define NDEBUG 1
#define STDC_HEADERS 1
#define HAVE_SYS_TYPES_H 1
#define HAVE_SYS_STAT_H 1
#define HAVE_STDLIB_H 1
#define HAVE_STRING_H 1
#define HAVE_MEMORY_H 1
#define HAVE_STRINGS_H 1
#define HAVE_INTTYPES_H 1
#define HAVE_STDINT_H 1
#define HAVE_UNISTD_H 1
#define HAVE_STDLIB_H 1
#define HAVE_STDIO_H 1
#define HAVE_STRING_H 1
#define HAVE_MEMORY_H 1
#define HAVE_MATH_H 1
#define HAVE_FLOAT_H 1
#define HAVE_FCNTL_H 1
#define HAVE_INTTYPES_H 1
#define HAVE_STDDEF_H 1
#define HAVE_STDINT_H 1
#define HAVE_SYS_TIME_H 1
#define HAVE_UNISTD_H 1
#define HAVE_SQLITE3_H 1
#define HAVE_SQLITE3EXT_H 1
#define HAVE_ZLIB_H 1
#define HAVE_DLFCN_H 1
#define LT_OBJDIR ".libs/"
#define TIME_WITH_SYS_TIME 1
#define LSTAT_FOLLOWS_SLASHED_SYMLINK 1
#define LSTAT_FOLLOWS_SLASHED_SYMLINK 1
#define HAVE_STRFTIME 1
#define HAVE_MEMSET 1
#define HAVE_STRCASECMP 1
#define HAVE_STRERROR 1
#define HAVE_STRNCASECMP 1
#define HAVE_STRSTR 1
#define HAVE_FDATASYNC 1
#define HAVE_FTRUNCATE 1
#define HAVE_GETCWD 1
#define HAVE_GETTIMEOFDAY 1
#define HAVE_LOCALTIME_R 1
#define HAVE_MEMMOVE 1
#define HAVE_STRERROR 1
#define HAVE_LIBSQLITE3 1
#define HAVE_LIBZ 1
#define SPATIALITE_TARGET_CPU "x86_64-linux-gnu"
#define SPATIALITE_VERSION "5.0.1"
#define OMIT_GEOCALLBACKS 1
#define HAVE_LIBSQLITE3 1
#define HAVE_PROJ_H 1
#define PROJ_NEW 1
#define HAVE_ICONV_H 1

configure: exit 1
